2022-04-21 18:40:50.257  INFO 12912 --- [main] c.e.apiflight.ApiflightApplication       : Starting ApiflightApplication using Java 17.0.2 on PokSoul-LAPTOP with PID 12912 (C:\Users\PokSoul\Downloads\Project_ynov_java\apiflight\target\classes started by PokSoul in C:\Users\PokSoul\Downloads\Project_ynov_java\apiflight)
2022-04-21 18:40:50.261  INFO 12912 --- [main] c.e.apiflight.ApiflightApplication       : No active profile set, falling back to 1 default profile: "default"
2022-04-21 18:40:50.871  INFO 12912 --- [main] .s.d.r.c.RepositoryConfigurationDelegate : Bootstrapping Spring Data JPA repositories in DEFAULT mode.
2022-04-21 18:40:50.954  INFO 12912 --- [main] .s.d.r.c.RepositoryConfigurationDelegate : Finished Spring Data repository scanning in 69 ms. Found 2 JPA repository interfaces.
2022-04-21 18:40:51.500  INFO 12912 --- [main] o.s.b.w.embedded.tomcat.TomcatWebServer  : Tomcat initialized with port(s): 8000 (http)
2022-04-21 18:40:51.507  INFO 12912 --- [main] o.apache.catalina.core.StandardService   : Starting service [Tomcat]
2022-04-21 18:40:51.507  INFO 12912 --- [main] org.apache.catalina.core.StandardEngine  : Starting Servlet engine: [Apache Tomcat/9.0.62]
2022-04-21 18:40:51.589  INFO 12912 --- [main] o.a.c.c.C.[Tomcat].[localhost].[/]       : Initializing Spring embedded WebApplicationContext
2022-04-21 18:40:51.590  INFO 12912 --- [main] w.s.c.ServletWebServerApplicationContext : Root WebApplicationContext: initialization completed in 1290 ms
2022-04-21 18:40:51.814  INFO 12912 --- [main] o.hibernate.jpa.internal.util.LogHelper  : HHH000204: Processing PersistenceUnitInfo [name: default]
2022-04-21 18:40:51.871  INFO 12912 --- [main] org.hibernate.Version                    : HHH000412: Hibernate ORM core version 5.6.8.Final
2022-04-21 18:40:52.029  INFO 12912 --- [main] o.hibernate.annotations.common.Version   : HCANN000001: Hibernate Commons Annotations {5.1.2.Final}
2022-04-21 18:40:52.114  INFO 12912 --- [main] com.zaxxer.hikari.HikariDataSource       : HikariPool-1 - Starting...
2022-04-21 18:40:52.624  INFO 12912 --- [main] com.zaxxer.hikari.HikariDataSource       : HikariPool-1 - Start completed.
2022-04-21 18:40:52.656  INFO 12912 --- [main] org.hibernate.dialect.Dialect            : HHH000400: Using dialect: org.hibernate.dialect.MySQL5Dialect
2022-04-21 18:40:53.135  INFO 12912 --- [main] o.h.e.t.j.p.i.JtaPlatformInitiator       : HHH000490: Using JtaPlatform implementation: [org.hibernate.engine.transaction.jta.platform.internal.NoJtaPlatform]
2022-04-21 18:40:53.145  INFO 12912 --- [main] j.LocalContainerEntityManagerFactoryBean : Initialized JPA EntityManagerFactory for persistence unit 'default'
2022-04-21 18:40:53.513  WARN 12912 --- [main] JpaBaseConfiguration$JpaWebConfiguration : spring.jpa.open-in-view is enabled by default. Therefore, database queries may be performed during view rendering. Explicitly configure spring.jpa.open-in-view to disable this warning
2022-04-21 18:40:53.961  INFO 12912 --- [main] o.s.b.w.embedded.tomcat.TomcatWebServer  : Tomcat started on port(s): 8000 (http) with context path ''
2022-04-21 18:40:53.976  INFO 12912 --- [main] c.e.apiflight.ApiflightApplication       : Started ApiflightApplication in 4.074 seconds (JVM running for 4.624)
2022-04-21 18:41:01.631  INFO 12912 --- [http-nio-8000-exec-2] o.a.c.c.C.[Tomcat].[localhost].[/]       : Initializing Spring DispatcherServlet 'dispatcherServlet'
2022-04-21 18:41:01.632  INFO 12912 --- [http-nio-8000-exec-2] o.s.web.servlet.DispatcherServlet        : Initializing Servlet 'dispatcherServlet'
2022-04-21 18:41:01.635  INFO 12912 --- [http-nio-8000-exec-2] o.s.web.servlet.DispatcherServlet        : Completed initialization in 3 ms
2022-04-21 18:45:04.460  INFO 12912 --- [SpringApplicationShutdownHook] j.LocalContainerEntityManagerFactoryBean : Closing JPA EntityManagerFactory for persistence unit 'default'
2022-04-21 18:45:04.462  INFO 12912 --- [SpringApplicationShutdownHook] com.zaxxer.hikari.HikariDataSource       : HikariPool-1 - Shutdown initiated...
2022-04-21 18:45:04.471  INFO 12912 --- [SpringApplicationShutdownHook] com.zaxxer.hikari.HikariDataSource       : HikariPool-1 - Shutdown completed.
